<?xml version="1.0" encoding="UTF-8"?>
<!-- Generated by org.testng.reporters.JUnitReportReporter -->
<testsuite skipped="0" hostname="DESKTOP-84BCDDP" name="portalvalidation.Login" tests="12" failures="0" timestamp="23 Oct 2017 15:29:06 GMT" time="87.251" errors="0">
  <testcase name="testUsingExcel" time="7.295" classname="portalvalidation.Login"/>
  <testcase name="testUsingExcel" time="6.992" classname="portalvalidation.Login"/>
  <testcase name="testUsingExcel" time="6.841" classname="portalvalidation.Login"/>
  <testcase name="testUsingExcel" time="6.982" classname="portalvalidation.Login"/>
  <testcase name="testUsingExcel" time="7.373" classname="portalvalidation.Login"/>
  <testcase name="testUsingExcel" time="7.417" classname="portalvalidation.Login"/>
  <testcase name="testUsingExcel" time="7.245" classname="portalvalidation.Login"/>
  <testcase name="testUsingExcel" time="8.123" classname="portalvalidation.Login"/>
  <testcase name="testUsingExcel" time="7.306" classname="portalvalidation.Login"/>
  <testcase name="testUsingExcel" time="6.969" classname="portalvalidation.Login"/>
  <testcase name="testUsingExcel" time="7.681" classname="portalvalidation.Login"/>
  <testcase name="testUsingExcel" time="7.027" classname="portalvalidation.Login"/>
</testsuite> <!-- portalvalidation.Login -->
