<?xml version="1.0" encoding="UTF-8"?>
<!-- Generated by org.testng.reporters.JUnitReportReporter -->
<testsuite skipped="0" hostname="DESKTOP-84BCDDP" name="portalvalidation.ForgotPass" tests="5" failures="0" timestamp="23 Oct 2017 15:23:06 GMT" time="72.711" errors="0">
  <testcase name="testUsingExcel" time="36.570" classname="portalvalidation.ForgotPass"/>
  <testcase name="testUsingExcel" time="7.739" classname="portalvalidation.ForgotPass"/>
  <testcase name="testUsingExcel" time="7.255" classname="portalvalidation.ForgotPass"/>
  <testcase name="testUsingExcel" time="13.310" classname="portalvalidation.ForgotPass"/>
  <testcase name="testUsingExcel" time="7.837" classname="portalvalidation.ForgotPass"/>
</testsuite> <!-- portalvalidation.ForgotPass -->
