<?xml version="1.0" encoding="UTF-8"?>
<!-- Generated by org.testng.reporters.JUnitReportReporter -->
<testsuite skipped="0" hostname="DESKTOP-84BCDDP" name="portalvalidation.NewtLogin" tests="12" failures="0" timestamp="12 Oct 2017 17:55:47 GMT" time="85.136" errors="0">
  <testcase name="testUsingExcel" time="7.334" classname="portalvalidation.NewtLogin"/>
  <testcase name="testUsingExcel" time="7.150" classname="portalvalidation.NewtLogin"/>
  <testcase name="testUsingExcel" time="7.041" classname="portalvalidation.NewtLogin"/>
  <testcase name="testUsingExcel" time="6.952" classname="portalvalidation.NewtLogin"/>
  <testcase name="testUsingExcel" time="7.141" classname="portalvalidation.NewtLogin"/>
  <testcase name="testUsingExcel" time="7.072" classname="portalvalidation.NewtLogin"/>
  <testcase name="testUsingExcel" time="6.883" classname="portalvalidation.NewtLogin"/>
  <testcase name="testUsingExcel" time="7.413" classname="portalvalidation.NewtLogin"/>
  <testcase name="testUsingExcel" time="6.937" classname="portalvalidation.NewtLogin"/>
  <testcase name="testUsingExcel" time="7.396" classname="portalvalidation.NewtLogin"/>
  <testcase name="testUsingExcel" time="6.907" classname="portalvalidation.NewtLogin"/>
  <testcase name="testUsingExcel" time="6.910" classname="portalvalidation.NewtLogin"/>
</testsuite> <!-- portalvalidation.NewtLogin -->
