<?xml version="1.0" encoding="UTF-8"?>
<!-- Generated by org.testng.reporters.JUnitReportReporter -->
<testsuite skipped="0" hostname="DESKTOP-84BCDDP" name="portallvalidations.NewtRegistration_Old" tests="8" failures="0" timestamp="14 Oct 2017 11:59:34 GMT" time="270.335" errors="0">
  <testcase name="testUsingExcel" time="44.349" classname="portallvalidations.NewtRegistration_Old"/>
  <testcase name="testUsingExcel" time="18.275" classname="portallvalidations.NewtRegistration_Old"/>
  <testcase name="testUsingExcel" time="28.687" classname="portallvalidations.NewtRegistration_Old"/>
  <testcase name="testUsingExcel" time="28.638" classname="portallvalidations.NewtRegistration_Old"/>
  <testcase name="testUsingExcel" time="40.008" classname="portallvalidations.NewtRegistration_Old"/>
  <testcase name="testUsingExcel" time="39.976" classname="portallvalidations.NewtRegistration_Old"/>
  <testcase name="testUsingExcel" time="29.956" classname="portallvalidations.NewtRegistration_Old"/>
  <testcase name="testUsingExcel" time="40.446" classname="portallvalidations.NewtRegistration_Old"/>
</testsuite> <!-- portallvalidations.NewtRegistration_Old -->
