<?xml version="1.0" encoding="UTF-8"?>
<!-- Generated by org.testng.reporters.JUnitReportReporter -->
<testsuite skipped="0" hostname="DESKTOP-84BCDDP" name="portalvalidation.NewtRegistration" tests="27" failures="0" timestamp="21 Oct 2017 14:54:01 GMT" time="973.501" errors="0">
  <testcase name="testUsingExcel" time="39.626" classname="portalvalidation.NewtRegistration"/>
  <testcase name="testUsingExcel" time="36.055" classname="portalvalidation.NewtRegistration"/>
  <testcase name="testUsingExcel" time="53.889" classname="portalvalidation.NewtRegistration"/>
  <testcase name="testUsingExcel" time="33.640" classname="portalvalidation.NewtRegistration"/>
  <testcase name="testUsingExcel" time="34.459" classname="portalvalidation.NewtRegistration"/>
  <testcase name="testUsingExcel" time="33.487" classname="portalvalidation.NewtRegistration"/>
  <testcase name="testUsingExcel" time="34.573" classname="portalvalidation.NewtRegistration"/>
  <testcase name="testUsingExcel" time="33.773" classname="portalvalidation.NewtRegistration"/>
  <testcase name="testUsingExcel" time="31.069" classname="portalvalidation.NewtRegistration"/>
  <testcase name="testUsingExcel" time="35.537" classname="portalvalidation.NewtRegistration"/>
  <testcase name="testUsingExcel" time="35.835" classname="portalvalidation.NewtRegistration"/>
  <testcase name="testUsingExcel" time="35.266" classname="portalvalidation.NewtRegistration"/>
  <testcase name="testUsingExcel" time="34.816" classname="portalvalidation.NewtRegistration"/>
  <testcase name="testUsingExcel" time="34.502" classname="portalvalidation.NewtRegistration"/>
  <testcase name="testUsingExcel" time="33.847" classname="portalvalidation.NewtRegistration"/>
  <testcase name="testUsingExcel" time="41.098" classname="portalvalidation.NewtRegistration"/>
  <testcase name="testUsingExcel" time="35.092" classname="portalvalidation.NewtRegistration"/>
  <testcase name="testUsingExcel" time="35.429" classname="portalvalidation.NewtRegistration"/>
  <testcase name="testUsingExcel" time="33.552" classname="portalvalidation.NewtRegistration"/>
  <testcase name="testUsingExcel" time="33.867" classname="portalvalidation.NewtRegistration"/>
  <testcase name="testUsingExcel" time="41.299" classname="portalvalidation.NewtRegistration"/>
  <testcase name="testUsingExcel" time="35.194" classname="portalvalidation.NewtRegistration"/>
  <testcase name="testUsingExcel" time="34.547" classname="portalvalidation.NewtRegistration"/>
  <testcase name="testUsingExcel" time="41.238" classname="portalvalidation.NewtRegistration"/>
  <testcase name="testUsingExcel" time="36.213" classname="portalvalidation.NewtRegistration"/>
  <testcase name="testUsingExcel" time="31.205" classname="portalvalidation.NewtRegistration"/>
  <testcase name="testUsingExcel" time="34.393" classname="portalvalidation.NewtRegistration"/>
</testsuite> <!-- portalvalidation.NewtRegistration -->
