<?xml version="1.0" encoding="UTF-8"?>
<!-- Generated by org.testng.reporters.JUnitReportReporter -->
<testsuite skipped="0" hostname="DESKTOP-84BCDDP" name="portallvalidations.NewtLogin_Obselete" tests="12" failures="0" timestamp="16 Oct 2017 18:49:18 GMT" time="84.250" errors="0">
  <testcase name="testUsingExcel" time="6.719" classname="portallvalidations.NewtLogin_Obselete"/>
  <testcase name="testUsingExcel" time="6.939" classname="portallvalidations.NewtLogin_Obselete"/>
  <testcase name="testUsingExcel" time="7.118" classname="portallvalidations.NewtLogin_Obselete"/>
  <testcase name="testUsingExcel" time="6.953" classname="portallvalidations.NewtLogin_Obselete"/>
  <testcase name="testUsingExcel" time="6.743" classname="portallvalidations.NewtLogin_Obselete"/>
  <testcase name="testUsingExcel" time="6.844" classname="portallvalidations.NewtLogin_Obselete"/>
  <testcase name="testUsingExcel" time="6.929" classname="portallvalidations.NewtLogin_Obselete"/>
  <testcase name="testUsingExcel" time="6.899" classname="portallvalidations.NewtLogin_Obselete"/>
  <testcase name="testUsingExcel" time="6.940" classname="portallvalidations.NewtLogin_Obselete"/>
  <testcase name="testUsingExcel" time="7.459" classname="portallvalidations.NewtLogin_Obselete"/>
  <testcase name="testUsingExcel" time="7.472" classname="portallvalidations.NewtLogin_Obselete"/>
  <testcase name="testUsingExcel" time="7.235" classname="portallvalidations.NewtLogin_Obselete"/>
</testsuite> <!-- portallvalidations.NewtLogin_Obselete -->
