<?xml version="1.0" encoding="UTF-8"?>
<!-- Generated by org.testng.reporters.JUnitReportReporter -->
<testsuite skipped="0" hostname="DESKTOP-84BCDDP" name="portalvalidation.Login" tests="12" failures="0" timestamp="20 Oct 2017 05:09:53 GMT" time="84.516" errors="0">
  <testcase name="testUsingExcel" time="6.771" classname="portalvalidation.Login"/>
  <testcase name="testUsingExcel" time="6.815" classname="portalvalidation.Login"/>
  <testcase name="testUsingExcel" time="7.339" classname="portalvalidation.Login"/>
  <testcase name="testUsingExcel" time="6.878" classname="portalvalidation.Login"/>
  <testcase name="testUsingExcel" time="7.042" classname="portalvalidation.Login"/>
  <testcase name="testUsingExcel" time="6.974" classname="portalvalidation.Login"/>
  <testcase name="testUsingExcel" time="6.931" classname="portalvalidation.Login"/>
  <testcase name="testUsingExcel" time="6.972" classname="portalvalidation.Login"/>
  <testcase name="testUsingExcel" time="7.482" classname="portalvalidation.Login"/>
  <testcase name="testUsingExcel" time="6.906" classname="portalvalidation.Login"/>
  <testcase name="testUsingExcel" time="7.173" classname="portalvalidation.Login"/>
  <testcase name="testUsingExcel" time="7.233" classname="portalvalidation.Login"/>
</testsuite> <!-- portalvalidation.Login -->
