<?xml version="1.0" encoding="UTF-8"?>
<!-- Generated by org.testng.reporters.JUnitReportReporter -->
<testsuite skipped="0" hostname="DESKTOP-84BCDDP" name="portalvalidation.Oldform" tests="2" failures="0" timestamp="08 Oct 2017 14:37:19 GMT" time="161.360" errors="0">
  <testcase name="testUsingExcel" time="66.372" classname="portalvalidation.Oldform"/>
  <testcase name="testUsingExcel" time="94.988" classname="portalvalidation.Oldform"/>
</testsuite> <!-- portalvalidation.Oldform -->
